<?xml version="1.0" encoding="UTF-8"?>
<!-- Generated by org.testng.reporters.JUnitReportReporter -->
<testsuite hostname="SRMLAP246" failures="0" tests="2" name="com.apitesting1.Test01_Get" time="1.927" errors="0" timestamp="2021-09-20T18:21:23 IST" skipped="0">
  <testcase classname="com.apitesting1.Test01_Get" name="Test02" time="0.554"/>
  <system-out/>
  <testcase classname="com.apitesting1.Test01_Get" name="Test01" time="1.373"/>
  <system-out/>
</testsuite> <!-- com.apitesting1.Test01_Get -->
