<?xml version="1.0" encoding="UTF-8"?>
<!-- Generated by org.testng.reporters.JUnitReportReporter -->
<testsuite hostname="SRMLAP246" failures="0" tests="1" name="com.ownapitesting.Testing_Postemp" time="1.679" errors="0" timestamp="2021-09-21T18:14:54 IST" skipped="0">
  <testcase classname="com.ownapitesting.Testing_Postemp" name="postEmployee" time="1.679"/>
  <system-out/>
</testsuite> <!-- com.ownapitesting.Testing_Postemp -->
