<?xml version="1.0" encoding="UTF-8"?>
<!-- Generated by org.testng.reporters.JUnitReportReporter -->
<testsuite hostname="SRMLAP246" failures="0" tests="1" name="com.ownapitesting.Testing_Patchemp" time="1.227" errors="0" timestamp="2021-09-21T15:24:22 IST" skipped="0">
  <testcase classname="com.ownapitesting.Testing_Patchemp" name="updateEmployee" time="1.227"/>
  <system-out/>
</testsuite> <!-- com.ownapitesting.Testing_Patchemp -->
