<?xml version="1.0" encoding="UTF-8"?>
<!-- Generated by org.testng.reporters.JUnitReportReporter -->
<testsuite hostname="SRMLAP246" failures="0" tests="1" name="com.apitesting1.Testing_Delete" time="2.960" errors="0" timestamp="2022-01-03T20:09:38 IST" skipped="0">
  <testcase classname="com.apitesting1.Testing_Delete" name="deleteTesting" time="2.960"/>
  <system-out/>
</testsuite> <!-- com.apitesting1.Testing_Delete -->
