<?xml version="1.0" encoding="UTF-8"?>
<!-- Generated by org.testng.reporters.JUnitReportReporter -->
<testsuite hostname="SRMLAP246" failures="0" tests="1" name="com.ownapitesting.Testing_DataDriven" time="1.392" errors="0" timestamp="2021-09-21T17:14:13 IST" skipped="0">
  <testcase classname="com.ownapitesting.Testing_DataDriven" name="deleteEmployee1" time="1.392"/>
  <system-out/>
</testsuite> <!-- com.ownapitesting.Testing_DataDriven -->
