<?xml version="1.0" encoding="UTF-8"?>
<!-- Generated by org.testng.reporters.JUnitReportReporter -->
<testsuite hostname="SRMLAP246" failures="0" tests="1" name="com.apitesting1.Testing_POST" time="2.696" errors="0" timestamp="2022-01-03T20:12:36 IST" skipped="0">
  <testcase classname="com.apitesting1.Testing_POST" name="postTesting" time="2.696"/>
  <system-out/>
</testsuite> <!-- com.apitesting1.Testing_POST -->
