<?xml version="1.0" encoding="UTF-8"?>
<!-- Generated by org.testng.reporters.JUnitReportReporter -->
<testsuite hostname="SRMLAP246" failures="0" tests="1" name="com.ownapitesting.Testing_Putemp" time="1.220" errors="0" timestamp="2021-09-21T15:18:46 IST" skipped="0">
  <testcase classname="com.ownapitesting.Testing_Putemp" name="updateEmployee" time="1.220"/>
  <system-out/>
</testsuite> <!-- com.ownapitesting.Testing_Putemp -->
