<?xml version="1.0" encoding="UTF-8"?>
<!-- Generated by org.testng.reporters.JUnitReportReporter -->
<testsuite hostname="SRMLAP246" failures="0" tests="1" name="com.ownapitesting.Testing_Deleteemp" time="1.321" errors="0" timestamp="2021-09-21T15:32:08 IST" skipped="0">
  <testcase classname="com.ownapitesting.Testing_Deleteemp" name="deleteEmployee" time="1.321"/>
  <system-out/>
</testsuite> <!-- com.ownapitesting.Testing_Deleteemp -->
