<?xml version="1.0" encoding="UTF-8"?>
<!-- Generated by org.testng.reporters.JUnitReportReporter -->
<testsuite hostname="SRMLAP246" failures="0" tests="2" name="com.apitesting1.Testing_Put" time="2.924" errors="0" timestamp="2021-09-20T20:26:05 IST" skipped="0">
  <testcase classname="com.apitesting1.Testing_Put" name="patchTesting" time="2.426"/>
  <system-out/>
  <testcase classname="com.apitesting1.Testing_Put" name="putTesting" time="0.498"/>
  <system-out/>
</testsuite> <!-- com.apitesting1.Testing_Put -->
